[	21-08-2018 17:01:37	] [KICK ACTION] Player: Jogi173 has kicked: sammytlok007 for: You have been kicked. Reason: Bitte auf unserem Teamspeak im Warteraum Support einfinden. Danke.
[	21-08-2018 19:54:02	] [KICK ACTION] Player: Jogi173 has kicked:  for: You have been kicked. Reason: Fail RP here we talk German.
[	22-08-2018 20:08:05	] [BAN ACTION] A new ban record has been added. Player: Can249 was banned by Jogi173 for Banned by staff until 01.01.3000 00:00:00 (forever).
[	24-08-2018 16:01:55	] [KICK ACTION] Player: Jogi173 has kicked: Räuber Fotzenschleck for: You have been kicked. Reason: Du meldest dich einmal bitte bei uns auf dem Ts im Support.[	26-08-2018 15:50:56	] [KICK ACTION] Player: Jogi173 has kicked: 󠀡󠀡󠀡󠀡󠀡󠀡󠀡󠀡 for: You have been kicked. Reason: Fahrzeug von Medizinern dürfen nicht ge[	26-08-2018 15:57:09	] [KICK ACTION] Player: Jogi173 has kicked: JustApply [HyperNetworks] for: You have been kicked. Reason: Das stehlen von Medic Fahrzeug[	26-08-2018 17:04:37	] [KICK ACTION] Player: Jogi173 has kicked: Räuber Fotzenschleck for: You have been kicked. Reason: Wenn du AFk bist dann discon[	27-08-2018 20:23:02	] [KICK ACTION] Player: ™ has kicked: steven23906 for: You have been kicked. Reason: Sprachchat i[	29-08-2018 14:14:15	] [KICK ACTION] Player: Jogi173 has kicked: Killer for: You have been kicked. Reason: Bitte im Support Warteraum auf unserem Te[	30-08-2018 13:48:17	] [KICK ACTION] Player: Jogi173 has kicked: F4llDMG for: You have been kicked. Reason: Bitte umgehend im Teamspeak Warteraum[	30-08-2018 16:06:54	] [BAN ACTION] A new ban record has been added. Player: Black Panther was banned by Jogi173 for Banned by staff until 01.01.3000[	31-08-2018 14:22:58	] [KICK ACTION] Player: Jogi173 has kicked: HunorCP for: You have been kicked. Reason: Das stehlen von einem RTW verstößt g[	31-08-2018 14:23:43	] [KICK ACTION] Player: Jogi173 has kicked: [BZ] #Unskilled ♥ Ced ♥ for: You have been kicked. Reason: Das stehlen von Rettungswä[	01-09-2018 16:11:35	] [KICK ACTION] Player: Jogi173 has kicked: JulianLP17 for: You have been kicked. Reason: Bitte bei uns im Support Warteraum auf un[	01-09-2018 18:46:38	] [KICK ACTION] Player: Jogi173 has kicked: JulianLP17 for: You have been kicked. Reason: Du kommst bitte umgehend in den Support Warteraum da[	03-09-2018 17:50:33	] [BAN ACTION] A new ban record has been added. Player: ViiNix was banned by Jogi173 for Banned by staff until 01.01.3000 00:00:00 (forever).
[	05-09-2018 20:51:04	] [KICK ACTION] Player: Jogi173 has kicked: alexander-zurek for: You have been kicked. Reason: So dispachtes darfst du gerne Unterlassen.
[	06-09-2018 19:44:35	] [KICK ACTION] Player: BirdMachine has kicked: eikgeilo for: You have been kicked. Reason: Stehlen von RTW ist verboten..
[	06-09-2018 19:44:43	] [KICK ACTION] Player: Jogi173 has kicked: maxxer1324 for: You have been kicked. Reason: Das stehlen von Rettungswägen ist bei uns im Staate verboten!.
[	07-09-2018 18:34:47	] [KICK ACTION] Player: Slith has kicked: ☕RelaxRFL☕ for: You have been kicked. Reason: VDM.
[	07-09-2018 18:36:31	] [KICK ACTION] Player: Slith has kicked:  for: You have been kicked. Reason: VDM.
[	07-09-2018 19:45:11	] [KICK ACTION] Player: Slith has kicked: SfML_DarkSkillzZ for: You have been kicked. Reason: mehrfaches failrp.
[	08-09-2018 07:56:17	] [BAN ACTION] A new ban record has been added. Player: AE_Im_A_Ninja was banned by BluePatton for Bug-using until 10.09.2018 07:56:17.
[	08-09-2018 10:01:07	] [KICK ACTION] Player: BirdMachine has kicked: FailerTV for: You have been kicked. Reason: Bugusing - 48h Ban.
[	08-09-2018 20:51:01	] [KICK ACTION] Player: BirdMachine has kicked: leon.wzrk for: You have been kicked. Reason: Nedic-Fahrzeuge sind tabu..
[	09-09-2018 11:23:54	] [BAN ACTION] A new ban record has been added. Player: leonalex02 was banned by Jogi173 for Banned by staff until 01/01/3000 00:00:00 (forever).
[	10-09-2018 07:59:00	] [BAN ACTION] The following ban record has been removed (player unbanned). The player has been unbanned because their ban duration expired. [Player: FailerTV was banned by BirdMachine for Bugusing until 10.09.2018 07:56:17.]
[	10-09-2018 15:13:09	] [BAN ACTION] A new ban record has been added. Player: Baba Yaga was banned by Jogi173 for Banned by staff until 01.01.3000 00:00:00 (forever).
[	10-09-2018 15:14:28	] [BAN ACTION] A new ban record has been added. Player: Z_NinjaSkillz_xZ was banned by Jogi173 for Banned by staff until 01.01.3000 00:00:00 (forever).
[	10-09-2018 15:29:03	] [BAN ACTION] A new ban record has been added. Player: JINRM was banned by BluePatton for Banned Modding until 30.09.2018 15:29:03.
[	10-09-2018 15:29:15	] [BAN ACTION] A new ban record has been added. Player: Jurenmoon was banned by Jogi173 for Banned by staff until 01.01.3000 00:00:00 (forever).
[	10-09-2018 15:35:29	] [BAN ACTION] A new ban record has been added. Player: Louny was banned by Jogi173 for Combatlog until 12.09.2018 15:35:29.
